[2025-10-08T13:57:27.772Z] Server kører på http://localhost:3000
[2025-10-08T13:58:05.881Z] Request: POST /login
[2025-10-08T13:58:45.538Z] Request: POST /write-file
[2025-10-08T13:59:29.103Z] Request: POST /write-file
[2025-10-08T13:59:34.998Z] Request: POST /login
[2025-10-08T13:59:34.999Z] Request: POST /login
[2025-10-08T13:59:34.999Z] Request: POST /login
[2025-10-08T13:59:35.000Z] Request: POST /login
[2025-10-08T13:59:35.001Z] Request: POST /login
[2025-10-08T13:59:35.003Z] Request: POST /write-file
[2025-10-08T13:59:35.004Z] Request: POST /write-file
[2025-10-08T13:59:35.005Z] Request: POST /write-file
[2025-10-08T13:59:35.006Z] Request: POST /write-file
[2025-10-08T13:59:35.007Z] Request: POST /write-file
[2025-10-08T13:59:35.008Z] Request: GET /read-file
[2025-10-08T13:59:35.009Z] Request: GET /read-file
[2025-10-08T13:59:35.009Z] Request: GET /read-file
[2025-10-08T13:59:35.010Z] Request: GET /read-file
[2025-10-08T13:59:35.011Z] Request: GET /read-file
[2025-10-08T13:59:35.012Z] Request: GET /stats
[2025-10-08T13:59:35.013Z] Request: GET /stats
[2025-10-08T13:59:35.013Z] Request: GET /stats
[2025-10-08T13:59:35.014Z] Request: GET /stats
[2025-10-08T13:59:35.014Z] Request: GET /stats
[2025-10-08T13:59:47.650Z] Request: POST /write-file
[2025-10-08T14:00:20.537Z] Request: GET /stats
